  main.cpp
main.cpp(10): warning C4067: unexpected tokens following preprocessor directive - expected a newline
c:\users\pherbert17\documents\github\3dpacmanopengl\3dpacman\Angel.h(63): warning C4305: 'initializing': truncation from 'double' to 'GLfloat'
c:\users\pherbert17\documents\github\3dpacmanopengl\3dpacman\mat.h(792): warning C4244: '=': conversion from 'double' to 'GLfloat', possible loss of data
c:\users\pherbert17\documents\github\3dpacmanopengl\3dpacman\mat.h(793): warning C4244: '=': conversion from 'double' to 'GLfloat', possible loss of data
c:\users\pherbert17\documents\github\3dpacmanopengl\3dpacman\mat.h(794): warning C4244: '=': conversion from 'double' to 'GLfloat', possible loss of data
c:\users\pherbert17\documents\github\3dpacmanopengl\3dpacman\mat.h(815): warning C4244: '=': conversion from 'double' to 'GLfloat', possible loss of data
c:\users\pherbert17\documents\github\3dpacmanopengl\3dpacman\mat.h(817): warning C4244: '=': conversion from 'double' to 'GLfloat', possible loss of data
c:\users\pherbert17\documents\github\3dpacmanopengl\3dpacman\mat.h(820): warning C4244: '=': conversion from 'double' to 'GLfloat', possible loss of data
c:\users\pherbert17\documents\github\3dpacmanopengl\3dpacman\mat.h(836): warning C4244: '=': conversion from 'double' to 'GLfloat', possible loss of data
c:\users\pherbert17\documents\github\3dpacmanopengl\3dpacman\GraphicsObject.h(104): warning C4056: overflow in floating-point constant arithmetic
c:\users\pherbert17\documents\github\3dpacmanopengl\3dpacman\GraphicsObject.h(112): warning C4056: overflow in floating-point constant arithmetic
c:\users\pherbert17\documents\github\3dpacmanopengl\3dpacman\GraphicsObject.h(124): warning C4056: overflow in floating-point constant arithmetic
c:\users\pherbert17\documents\github\3dpacmanopengl\3dpacman\GraphicsObject.h(127): warning C4056: overflow in floating-point constant arithmetic
c:\users\pherbert17\documents\github\3dpacmanopengl\3dpacman\GraphicsObject.h(130): warning C4056: overflow in floating-point constant arithmetic
c:\users\pherbert17\documents\github\3dpacmanopengl\3dpacman\GraphicsObject.h(133): warning C4244: '=': conversion from 'double' to 'GLfloat', possible loss of data
c:\users\pherbert17\documents\github\3dpacmanopengl\3dpacman\GraphicsObject.h(152): warning C4056: overflow in floating-point constant arithmetic
c:\users\pherbert17\documents\github\3dpacmanopengl\3dpacman\GraphicsObject.h(154): warning C4018: '<': signed/unsigned mismatch
c:\users\pherbert17\documents\github\3dpacmanopengl\3dpacman\tree.h(123): warning C4244: 'argument': conversion from 'double' to 'GLfloat', possible loss of data
c:\users\pherbert17\documents\github\3dpacmanopengl\3dpacman\tree.h(181): warning C4305: 'argument': truncation from 'double' to 'GLclampf'
c:\users\pherbert17\documents\github\3dpacmanopengl\3dpacman\tree.h(200): warning C4305: 'initializing': truncation from 'double' to 'GLfloat'
c:\users\pherbert17\documents\github\3dpacmanopengl\3dpacman\Zebra.h(150): warning C4305: 'argument': truncation from 'double' to 'GLclampf'
c:\users\pherbert17\documents\github\3dpacmanopengl\3dpacman\Zebra.h(173): warning C4305: 'argument': truncation from 'double' to 'GLclampf'
c:\users\pherbert17\documents\github\3dpacmanopengl\3dpacman\Graphic2d.h(123): warning C4244: 'argument': conversion from 'double' to 'GLfloat', possible loss of data
c:\users\pherbert17\documents\github\3dpacmanopengl\3dpacman\Graphic2d.h(181): warning C4305: 'argument': truncation from 'double' to 'GLclampf'
c:\users\pherbert17\documents\github\3dpacmanopengl\3dpacman\Graphic2d.h(216): warning C4305: 'argument': truncation from 'double' to 'const GLfloat'
c:\users\pherbert17\documents\github\3dpacmanopengl\3dpacman\Globals.h(11): warning C4305: 'initializing': truncation from 'double' to 'GLfloat'
c:\users\pherbert17\documents\github\3dpacmanopengl\3dpacman\Globals.h(28): warning C4305: 'initializing': truncation from 'double' to 'GLfloat'
c:\users\pherbert17\documents\github\3dpacmanopengl\3dpacman\Globals.h(34): warning C4305: 'initializing': truncation from 'double' to 'float'
c:\users\pherbert17\documents\github\3dpacmanopengl\3dpacman\Globals.h(47): warning C4305: 'initializing': truncation from 'double' to 'float'
c:\users\pherbert17\documents\github\3dpacmanopengl\3dpacman\Globals.h(48): warning C4305: 'initializing': truncation from 'double' to 'float'
c:\users\pherbert17\documents\github\3dpacmanopengl\3dpacman\Globals.h(49): warning C4305: 'initializing': truncation from 'double' to 'float'
c:\users\pherbert17\documents\github\3dpacmanopengl\3dpacman\Globals.h(50): warning C4305: 'initializing': truncation from 'double' to 'float'
c:\users\pherbert17\documents\github\3dpacmanopengl\3dpacman\Maze.h(13): warning C4018: '<': signed/unsigned mismatch
c:\users\pherbert17\documents\github\3dpacmanopengl\3dpacman\Maze.h(49): warning C4018: '<': signed/unsigned mismatch
c:\users\pherbert17\documents\github\3dpacmanopengl\3dpacman\Maze.h(65): warning C4018: '<': signed/unsigned mismatch
c:\users\pherbert17\documents\github\3dpacmanopengl\3dpacman\Mouse.h(16): warning C4305: 'initializing': truncation from 'double' to 'float'
c:\users\pherbert17\documents\github\3dpacmanopengl\3dpacman\Mouse.h(18): warning C4244: 'initializing': conversion from 'int' to 'float', possible loss of data
c:\users\pherbert17\documents\github\3dpacmanopengl\3dpacman\Mouse.h(22): warning C4244: 'argument': conversion from 'double' to 'const GLfloat', possible loss of data
c:\users\pherbert17\documents\github\3dpacmanopengl\3dpacman\Mouse.h(28): warning C4244: 'argument': conversion from 'double' to 'const GLfloat', possible loss of data
c:\users\pherbert17\documents\github\3dpacmanopengl\3dpacman\Mouse.h(34): warning C4244: 'initializing': conversion from 'int' to 'float', possible loss of data
c:\users\pherbert17\documents\github\3dpacmanopengl\3dpacman\Mouse.h(36): warning C4244: '-=': conversion from 'double' to 'GLfloat', possible loss of data
c:\users\pherbert17\documents\github\3dpacmanopengl\3dpacman\Mouse.h(38): warning C4305: '-=': truncation from 'double' to 'GLfloat'
c:\users\pherbert17\documents\github\3dpacmanopengl\3dpacman\Mouse.h(41): warning C4244: '+=': conversion from 'double' to 'GLfloat', possible loss of data
c:\users\pherbert17\documents\github\3dpacmanopengl\3dpacman\Mouse.h(43): warning C4305: '+=': truncation from 'double' to 'GLfloat'
c:\users\pherbert17\documents\github\3dpacmanopengl\3dpacman\Camera.h(15): warning C4018: '<': signed/unsigned mismatch
c:\users\pherbert17\documents\github\3dpacmanopengl\3dpacman\Camera.h(45): warning C4305: 'initializing': truncation from 'double' to 'float'
c:\users\pherbert17\documents\github\3dpacmanopengl\3dpacman\Camera.h(64): warning C4018: '<': signed/unsigned mismatch
c:\users\pherbert17\documents\github\3dpacmanopengl\3dpacman\Camera.h(127): warning C4305: 'initializing': truncation from 'double' to 'float'
c:\users\pherbert17\documents\github\3dpacmanopengl\3dpacman\Camera.h(145): warning C4018: '<': signed/unsigned mismatch
c:\users\pherbert17\documents\github\3dpacmanopengl\3dpacman\Camera.h(148): warning C4018: '<': signed/unsigned mismatch
c:\users\pherbert17\documents\github\3dpacmanopengl\3dpacman\Camera.h(182): warning C4018: '<': signed/unsigned mismatch
c:\users\pherbert17\documents\github\3dpacmanopengl\3dpacman\Dot.h(40): warning C4018: '<': signed/unsigned mismatch
c:\users\pherbert17\documents\github\3dpacmanopengl\3dpacman\Dot.h(59): warning C4244: 'argument': conversion from 'double' to 'GLfloat', possible loss of data
c:\users\pherbert17\documents\github\3dpacmanopengl\3dpacman\Display.h(21): warning C4305: 'initializing': truncation from 'double' to 'float'
c:\users\pherbert17\documents\github\3dpacmanopengl\3dpacman\Display.h(22): warning C4244: 'initializing': conversion from 'double' to 'float', possible loss of data
c:\users\pherbert17\documents\github\3dpacmanopengl\3dpacman\Display.h(22): warning C4244: 'initializing': conversion from 'double' to 'const float', possible loss of data
c:\users\pherbert17\documents\github\3dpacmanopengl\3dpacman\Display.h(25): warning C4305: 'initializing': truncation from 'double' to 'float'
c:\users\pherbert17\documents\github\3dpacmanopengl\3dpacman\Display.h(73): warning C4305: '+=': truncation from 'double' to 'GLfloat'
c:\users\pherbert17\documents\github\3dpacmanopengl\3dpacman\Display.h(74): warning C4838: conversion from 'double' to 'GLfloat' requires a narrowing conversion
c:\users\pherbert17\documents\github\3dpacmanopengl\3dpacman\Display.h(74): warning C4244: 'initializing': conversion from 'double' to 'GLfloat', possible loss of data
c:\users\pherbert17\documents\github\3dpacmanopengl\3dpacman\Display.h(94): warning C4305: 'argument': truncation from 'double' to 'float'
c:\users\pherbert17\documents\github\3dpacmanopengl\3dpacman\Display.h(114): warning C4244: '=': conversion from 'double' to 'float', possible loss of data
c:\users\pherbert17\documents\github\3dpacmanopengl\3dpacman\Display.h(127): warning C4305: 'argument': truncation from 'double' to 'float'
c:\users\pherbert17\documents\github\3dpacmanopengl\3dpacman\Display.h(138): warning C4305: 'argument': truncation from 'double' to 'float'
c:\users\pherbert17\documents\github\3dpacmanopengl\3dpacman\Display.h(149): warning C4305: 'argument': truncation from 'double' to 'float'
c:\users\pherbert17\documents\github\3dpacmanopengl\3dpacman\Display.h(164): warning C4305: 'argument': truncation from 'double' to 'float'
c:\users\pherbert17\documents\github\3dpacmanopengl\3dpacman\Display.h(175): warning C4305: 'argument': truncation from 'double' to 'float'
c:\users\pherbert17\documents\github\3dpacmanopengl\3dpacman\Display.h(186): warning C4305: 'argument': truncation from 'double' to 'float'
c:\users\pherbert17\documents\github\3dpacmanopengl\3dpacman\Display.h(201): warning C4305: 'argument': truncation from 'double' to 'float'
c:\users\pherbert17\documents\github\3dpacmanopengl\3dpacman\Display.h(212): warning C4305: 'argument': truncation from 'double' to 'float'
c:\users\pherbert17\documents\github\3dpacmanopengl\3dpacman\Display.h(223): warning C4305: 'argument': truncation from 'double' to 'float'
c:\users\pherbert17\documents\github\3dpacmanopengl\3dpacman\Display.h(238): warning C4305: 'argument': truncation from 'double' to 'float'
c:\users\pherbert17\documents\github\3dpacmanopengl\3dpacman\Display.h(250): warning C4305: 'argument': truncation from 'double' to 'float'
c:\users\pherbert17\documents\github\3dpacmanopengl\3dpacman\Display.h(261): warning C4305: 'argument': truncation from 'double' to 'float'
c:\users\pherbert17\documents\github\3dpacmanopengl\3dpacman\Display.h(276): warning C4305: 'argument': truncation from 'double' to 'float'
c:\users\pherbert17\documents\github\3dpacmanopengl\3dpacman\Display.h(296): warning C4244: '=': conversion from 'double' to 'float', possible loss of data
c:\users\pherbert17\documents\github\3dpacmanopengl\3dpacman\Display.h(309): warning C4305: 'argument': truncation from 'double' to 'float'
c:\users\pherbert17\documents\github\3dpacmanopengl\3dpacman\Display.h(320): warning C4305: 'argument': truncation from 'double' to 'float'
c:\users\pherbert17\documents\github\3dpacmanopengl\3dpacman\Display.h(331): warning C4305: 'argument': truncation from 'double' to 'float'
c:\users\pherbert17\documents\github\3dpacmanopengl\3dpacman\Display.h(346): warning C4305: 'argument': truncation from 'double' to 'float'
c:\users\pherbert17\documents\github\3dpacmanopengl\3dpacman\Display.h(357): warning C4305: 'argument': truncation from 'double' to 'float'
c:\users\pherbert17\documents\github\3dpacmanopengl\3dpacman\Display.h(368): warning C4305: 'argument': truncation from 'double' to 'float'
c:\users\pherbert17\documents\github\3dpacmanopengl\3dpacman\Display.h(383): warning C4305: 'argument': truncation from 'double' to 'float'
c:\users\pherbert17\documents\github\3dpacmanopengl\3dpacman\Display.h(394): warning C4305: 'argument': truncation from 'double' to 'float'
c:\users\pherbert17\documents\github\3dpacmanopengl\3dpacman\Display.h(405): warning C4305: 'argument': truncation from 'double' to 'float'
c:\users\pherbert17\documents\github\3dpacmanopengl\3dpacman\Display.h(420): warning C4305: 'argument': truncation from 'double' to 'float'
c:\users\pherbert17\documents\github\3dpacmanopengl\3dpacman\Display.h(432): warning C4305: 'argument': truncation from 'double' to 'float'
c:\users\pherbert17\documents\github\3dpacmanopengl\3dpacman\Display.h(443): warning C4305: 'argument': truncation from 'double' to 'float'
c:\users\pherbert17\documents\github\3dpacmanopengl\3dpacman\Display.h(459): warning C4305: 'argument': truncation from 'double' to 'float'
c:\users\pherbert17\documents\github\3dpacmanopengl\3dpacman\Display.h(479): warning C4244: '=': conversion from 'double' to 'float', possible loss of data
c:\users\pherbert17\documents\github\3dpacmanopengl\3dpacman\Display.h(492): warning C4305: 'argument': truncation from 'double' to 'float'
c:\users\pherbert17\documents\github\3dpacmanopengl\3dpacman\Display.h(503): warning C4305: 'argument': truncation from 'double' to 'float'
c:\users\pherbert17\documents\github\3dpacmanopengl\3dpacman\Display.h(514): warning C4305: 'argument': truncation from 'double' to 'float'
c:\users\pherbert17\documents\github\3dpacmanopengl\3dpacman\Display.h(529): warning C4305: 'argument': truncation from 'double' to 'float'
c:\users\pherbert17\documents\github\3dpacmanopengl\3dpacman\Display.h(540): warning C4305: 'argument': truncation from 'double' to 'float'
c:\users\pherbert17\documents\github\3dpacmanopengl\3dpacman\Display.h(551): warning C4305: 'argument': truncation from 'double' to 'float'
c:\users\pherbert17\documents\github\3dpacmanopengl\3dpacman\Display.h(566): warning C4305: 'argument': truncation from 'double' to 'float'
c:\users\pherbert17\documents\github\3dpacmanopengl\3dpacman\Display.h(577): warning C4305: 'argument': truncation from 'double' to 'float'
c:\users\pherbert17\documents\github\3dpacmanopengl\3dpacman\Display.h(588): warning C4305: 'argument': truncation from 'double' to 'float'
c:\users\pherbert17\documents\github\3dpacmanopengl\3dpacman\Display.h(603): warning C4305: 'argument': truncation from 'double' to 'float'
c:\users\pherbert17\documents\github\3dpacmanopengl\3dpacman\Display.h(615): warning C4305: 'argument': truncation from 'double' to 'float'
c:\users\pherbert17\documents\github\3dpacmanopengl\3dpacman\Display.h(626): warning C4305: 'argument': truncation from 'double' to 'float'
c:\users\pherbert17\documents\github\3dpacmanopengl\3dpacman\Display.h(641): warning C4305: 'argument': truncation from 'double' to 'float'
c:\users\pherbert17\documents\github\3dpacmanopengl\3dpacman\Display.h(661): warning C4244: '=': conversion from 'double' to 'float', possible loss of data
c:\users\pherbert17\documents\github\3dpacmanopengl\3dpacman\Display.h(674): warning C4305: 'argument': truncation from 'double' to 'float'
c:\users\pherbert17\documents\github\3dpacmanopengl\3dpacman\Display.h(685): warning C4305: 'argument': truncation from 'double' to 'float'
c:\users\pherbert17\documents\github\3dpacmanopengl\3dpacman\Display.h(696): warning C4305: 'argument': truncation from 'double' to 'float'
c:\users\pherbert17\documents\github\3dpacmanopengl\3dpacman\Display.h(711): warning C4305: 'argument': truncation from 'double' to 'float'
c:\users\pherbert17\documents\github\3dpacmanopengl\3dpacman\Display.h(722): warning C4305: 'argument': truncation from 'double' to 'float'
c:\users\pherbert17\documents\github\3dpacmanopengl\3dpacman\Display.h(733): warning C4305: 'argument': truncation from 'double' to 'float'
c:\users\pherbert17\documents\github\3dpacmanopengl\3dpacman\Display.h(748): warning C4305: 'argument': truncation from 'double' to 'float'
c:\users\pherbert17\documents\github\3dpacmanopengl\3dpacman\Display.h(759): warning C4305: 'argument': truncation from 'double' to 'float'
c:\users\pherbert17\documents\github\3dpacmanopengl\3dpacman\Display.h(770): warning C4305: 'argument': truncation from 'double' to 'float'
c:\users\pherbert17\documents\github\3dpacmanopengl\3dpacman\Display.h(785): warning C4305: 'argument': truncation from 'double' to 'float'
c:\users\pherbert17\documents\github\3dpacmanopengl\3dpacman\Display.h(797): warning C4305: 'argument': truncation from 'double' to 'float'
c:\users\pherbert17\documents\github\3dpacmanopengl\3dpacman\Display.h(808): warning C4305: 'argument': truncation from 'double' to 'float'
c:\users\pherbert17\documents\github\3dpacmanopengl\3dpacman\Display.h(832): warning C4018: '<': signed/unsigned mismatch
c:\users\pherbert17\documents\github\3dpacmanopengl\3dpacman\Display.h(835): warning C4305: 'argument': truncation from 'double' to 'float'
c:\users\pherbert17\documents\github\3dpacmanopengl\3dpacman\Display.h(847): warning C4305: 'argument': truncation from 'double' to 'GLfloat'
c:\users\pherbert17\documents\github\3dpacmanopengl\3dpacman\Display.h(849): warning C4305: 'argument': truncation from 'double' to 'GLfloat'
c:\users\pherbert17\documents\github\3dpacmanopengl\3dpacman\Display.h(851): warning C4305: 'argument': truncation from 'double' to 'GLfloat'
c:\users\pherbert17\documents\github\3dpacmanopengl\3dpacman\Display.h(856): warning C4305: 'argument': truncation from 'double' to 'GLfloat'
c:\users\pherbert17\documents\github\3dpacmanopengl\3dpacman\Display.h(856): warning C4305: 'argument': truncation from 'double' to 'float'
  Generating code
  57 of 502 functions (11.4%) were compiled, the rest were copied from previous compilation.
    0 functions were new in current compilation
    0 functions had inline decision re-evaluated but remain unchanged
  Finished generating code
  EX14_01_SkyCube.vcxproj -> C:\Users\pherbert17\Documents\GitHub\3DPacmanOpenGL\3DPacman\Release\EX14_01_SkyCube.exe
  EX14_01_SkyCube.vcxproj -> C:\Users\pherbert17\Documents\GitHub\3DPacmanOpenGL\3DPacman\Release\EX14_01_SkyCube.pdb (Full PDB)
