  main.cpp
c:\users\pherbert17\documents\github\3dpacmanopengl\3dpacman\main.cpp(9): warning C4067: unexpected tokens following preprocessor directive - expected a newline
c:\users\pherbert17\documents\github\3dpacmanopengl\3dpacman\angel.h(63): warning C4305: 'initializing': truncation from 'double' to 'GLfloat'
c:\users\pherbert17\documents\github\3dpacmanopengl\3dpacman\mat.h(792): warning C4244: '=': conversion from 'double' to 'GLfloat', possible loss of data
c:\users\pherbert17\documents\github\3dpacmanopengl\3dpacman\mat.h(793): warning C4244: '=': conversion from 'double' to 'GLfloat', possible loss of data
c:\users\pherbert17\documents\github\3dpacmanopengl\3dpacman\mat.h(794): warning C4244: '=': conversion from 'double' to 'GLfloat', possible loss of data
c:\users\pherbert17\documents\github\3dpacmanopengl\3dpacman\mat.h(815): warning C4244: '=': conversion from 'double' to 'GLfloat', possible loss of data
c:\users\pherbert17\documents\github\3dpacmanopengl\3dpacman\mat.h(817): warning C4244: '=': conversion from 'double' to 'GLfloat', possible loss of data
c:\users\pherbert17\documents\github\3dpacmanopengl\3dpacman\mat.h(820): warning C4244: '=': conversion from 'double' to 'GLfloat', possible loss of data
c:\users\pherbert17\documents\github\3dpacmanopengl\3dpacman\mat.h(836): warning C4244: '=': conversion from 'double' to 'GLfloat', possible loss of data
c:\users\pherbert17\documents\github\3dpacmanopengl\3dpacman\graphicsobject.h(104): warning C4056: overflow in floating-point constant arithmetic
c:\users\pherbert17\documents\github\3dpacmanopengl\3dpacman\graphicsobject.h(112): warning C4056: overflow in floating-point constant arithmetic
c:\users\pherbert17\documents\github\3dpacmanopengl\3dpacman\graphicsobject.h(124): warning C4056: overflow in floating-point constant arithmetic
c:\users\pherbert17\documents\github\3dpacmanopengl\3dpacman\graphicsobject.h(127): warning C4056: overflow in floating-point constant arithmetic
c:\users\pherbert17\documents\github\3dpacmanopengl\3dpacman\graphicsobject.h(130): warning C4056: overflow in floating-point constant arithmetic
c:\users\pherbert17\documents\github\3dpacmanopengl\3dpacman\graphicsobject.h(133): warning C4244: '=': conversion from 'double' to 'GLfloat', possible loss of data
c:\users\pherbert17\documents\github\3dpacmanopengl\3dpacman\graphicsobject.h(152): warning C4056: overflow in floating-point constant arithmetic
c:\users\pherbert17\documents\github\3dpacmanopengl\3dpacman\graphicsobject.h(154): warning C4018: '<': signed/unsigned mismatch
c:\users\pherbert17\documents\github\3dpacmanopengl\3dpacman\tree.h(123): warning C4244: 'argument': conversion from 'double' to 'GLfloat', possible loss of data
c:\users\pherbert17\documents\github\3dpacmanopengl\3dpacman\tree.h(181): warning C4305: 'argument': truncation from 'double' to 'GLclampf'
c:\users\pherbert17\documents\github\3dpacmanopengl\3dpacman\tree.h(201): warning C4305: 'initializing': truncation from 'double' to 'GLfloat'
c:\users\pherbert17\documents\github\3dpacmanopengl\3dpacman\zebra.h(150): warning C4305: 'argument': truncation from 'double' to 'GLclampf'
c:\users\pherbert17\documents\github\3dpacmanopengl\3dpacman\zebra.h(173): warning C4305: 'argument': truncation from 'double' to 'GLclampf'
c:\users\pherbert17\documents\github\3dpacmanopengl\3dpacman\graphic2d.h(123): warning C4244: 'argument': conversion from 'double' to 'GLfloat', possible loss of data
c:\users\pherbert17\documents\github\3dpacmanopengl\3dpacman\graphic2d.h(181): warning C4305: 'argument': truncation from 'double' to 'GLclampf'
c:\users\pherbert17\documents\github\3dpacmanopengl\3dpacman\graphic2d.h(216): warning C4305: 'argument': truncation from 'double' to 'const GLfloat'
c:\users\pherbert17\documents\github\3dpacmanopengl\3dpacman\globals.h(4): fatal error C1083: Cannot open include file: 'SFML/Audio.hpp': No such file or directory
  MyLoadBitmap.cpp
c:\users\pherbert17\documents\github\3dpacmanopengl\3dpacman\angel.h(63): warning C4305: 'initializing': truncation from 'double' to 'GLfloat'
c:\users\pherbert17\documents\github\3dpacmanopengl\3dpacman\mat.h(792): warning C4244: '=': conversion from 'double' to 'GLfloat', possible loss of data
c:\users\pherbert17\documents\github\3dpacmanopengl\3dpacman\mat.h(793): warning C4244: '=': conversion from 'double' to 'GLfloat', possible loss of data
c:\users\pherbert17\documents\github\3dpacmanopengl\3dpacman\mat.h(794): warning C4244: '=': conversion from 'double' to 'GLfloat', possible loss of data
c:\users\pherbert17\documents\github\3dpacmanopengl\3dpacman\mat.h(815): warning C4244: '=': conversion from 'double' to 'GLfloat', possible loss of data
c:\users\pherbert17\documents\github\3dpacmanopengl\3dpacman\mat.h(817): warning C4244: '=': conversion from 'double' to 'GLfloat', possible loss of data
c:\users\pherbert17\documents\github\3dpacmanopengl\3dpacman\mat.h(820): warning C4244: '=': conversion from 'double' to 'GLfloat', possible loss of data
c:\users\pherbert17\documents\github\3dpacmanopengl\3dpacman\mat.h(836): warning C4244: '=': conversion from 'double' to 'GLfloat', possible loss of data
c:\users\pherbert17\documents\github\3dpacmanopengl\3dpacman\myloadbitmap.cpp(48): warning C4996: 'fopen': This function or variable may be unsafe. Consider using fopen_s instead. To disable deprecation, use _CRT_SECURE_NO_WARNINGS. See online help for details.
  c:\program files (x86)\windows kits\10\include\10.0.10240.0\ucrt\stdio.h(205): note: see declaration of 'fopen'
  LoadBitmap.cpp
c:\users\pherbert17\documents\github\3dpacmanopengl\3dpacman\angel.h(63): warning C4305: 'initializing': truncation from 'double' to 'GLfloat'
c:\users\pherbert17\documents\github\3dpacmanopengl\3dpacman\mat.h(792): warning C4244: '=': conversion from 'double' to 'GLfloat', possible loss of data
c:\users\pherbert17\documents\github\3dpacmanopengl\3dpacman\mat.h(793): warning C4244: '=': conversion from 'double' to 'GLfloat', possible loss of data
c:\users\pherbert17\documents\github\3dpacmanopengl\3dpacman\mat.h(794): warning C4244: '=': conversion from 'double' to 'GLfloat', possible loss of data
c:\users\pherbert17\documents\github\3dpacmanopengl\3dpacman\mat.h(815): warning C4244: '=': conversion from 'double' to 'GLfloat', possible loss of data
c:\users\pherbert17\documents\github\3dpacmanopengl\3dpacman\mat.h(817): warning C4244: '=': conversion from 'double' to 'GLfloat', possible loss of data
c:\users\pherbert17\documents\github\3dpacmanopengl\3dpacman\mat.h(820): warning C4244: '=': conversion from 'double' to 'GLfloat', possible loss of data
c:\users\pherbert17\documents\github\3dpacmanopengl\3dpacman\mat.h(836): warning C4244: '=': conversion from 'double' to 'GLfloat', possible loss of data
c:\users\pherbert17\documents\github\3dpacmanopengl\3dpacman\loadbitmap.cpp(52): warning C4996: 'fopen': This function or variable may be unsafe. Consider using fopen_s instead. To disable deprecation, use _CRT_SECURE_NO_WARNINGS. See online help for details.
  c:\program files (x86)\windows kits\10\include\10.0.10240.0\ucrt\stdio.h(205): note: see declaration of 'fopen'
  InitShader.cpp
c:\users\pherbert17\documents\github\3dpacmanopengl\3dpacman\angel.h(63): warning C4305: 'initializing': truncation from 'double' to 'GLfloat'
c:\users\pherbert17\documents\github\3dpacmanopengl\3dpacman\mat.h(792): warning C4244: '=': conversion from 'double' to 'GLfloat', possible loss of data
c:\users\pherbert17\documents\github\3dpacmanopengl\3dpacman\mat.h(793): warning C4244: '=': conversion from 'double' to 'GLfloat', possible loss of data
c:\users\pherbert17\documents\github\3dpacmanopengl\3dpacman\mat.h(794): warning C4244: '=': conversion from 'double' to 'GLfloat', possible loss of data
c:\users\pherbert17\documents\github\3dpacmanopengl\3dpacman\mat.h(815): warning C4244: '=': conversion from 'double' to 'GLfloat', possible loss of data
c:\users\pherbert17\documents\github\3dpacmanopengl\3dpacman\mat.h(817): warning C4244: '=': conversion from 'double' to 'GLfloat', possible loss of data
c:\users\pherbert17\documents\github\3dpacmanopengl\3dpacman\mat.h(820): warning C4244: '=': conversion from 'double' to 'GLfloat', possible loss of data
c:\users\pherbert17\documents\github\3dpacmanopengl\3dpacman\mat.h(836): warning C4244: '=': conversion from 'double' to 'GLfloat', possible loss of data
c:\users\pherbert17\documents\github\3dpacmanopengl\3dpacman\initshader.cpp(10): warning C4996: 'fopen': This function or variable may be unsafe. Consider using fopen_s instead. To disable deprecation, use _CRT_SECURE_NO_WARNINGS. See online help for details.
  c:\program files (x86)\windows kits\10\include\10.0.10240.0\ucrt\stdio.h(205): note: see declaration of 'fopen'
  Generating Code...
